2020-03-17 12:04:57.526  INFO 2936 --- [main] com.demo.web.WebApplication              : Starting WebApplication on DESKTOP-AALMDPP with PID 2936 (E:\study\demo\web\target\classes started by lyods in E:\study\demo)
2020-03-17 12:04:57.531  INFO 2936 --- [main] com.demo.web.WebApplication              : The following profiles are active: dev
2020-03-17 12:04:59.262  INFO 2936 --- [main] trationDelegate$BeanPostProcessorChecker : Bean 'org.apache.shiro.spring.boot.autoconfigure.ShiroBeanAutoConfiguration' of type [org.apache.shiro.spring.boot.autoconfigure.ShiroBeanAutoConfiguration$$EnhancerBySpringCGLIB$$7981a10d] is not eligible for getting processed by all BeanPostProcessors (for example: not eligible for auto-proxying)
2020-03-17 12:04:59.333  INFO 2936 --- [main] trationDelegate$BeanPostProcessorChecker : Bean 'org.apache.shiro.spring.boot.autoconfigure.ShiroAnnotationProcessorAutoConfiguration' of type [org.apache.shiro.spring.boot.autoconfigure.ShiroAnnotationProcessorAutoConfiguration$$EnhancerBySpringCGLIB$$7c14dfb2] is not eligible for getting processed by all BeanPostProcessors (for example: not eligible for auto-proxying)
2020-03-17 12:04:59.424  INFO 2936 --- [main] trationDelegate$BeanPostProcessorChecker : Bean 'eventBus' of type [org.apache.shiro.event.support.DefaultEventBus] is not eligible for getting processed by all BeanPostProcessors (for example: not eligible for auto-proxying)
2020-03-17 12:04:59.553  INFO 2936 --- [main] trationDelegate$BeanPostProcessorChecker : Bean 'org.apache.shiro.spring.boot.autoconfigure.ShiroAutoConfiguration' of type [org.apache.shiro.spring.boot.autoconfigure.ShiroAutoConfiguration$$EnhancerBySpringCGLIB$$3f8142dd] is not eligible for getting processed by all BeanPostProcessors (for example: not eligible for auto-proxying)
2020-03-17 12:04:59.563  WARN 2936 --- [main] ConfigServletWebServerApplicationContext : Exception encountered during context initialization - cancelling refresh attempt: org.springframework.beans.factory.BeanCreationException: Error creating bean with name 'objectMapperConfigurer' defined in class path resource [springfox/documentation/spring/web/SpringfoxWebMvcConfiguration.class]: BeanPostProcessor before instantiation of bean failed; nested exception is org.springframework.beans.factory.BeanCreationException: Error creating bean with name 'org.springframework.transaction.annotation.ProxyTransactionManagementConfiguration': BeanPostProcessor before instantiation of bean failed; nested exception is org.springframework.beans.factory.UnsatisfiedDependencyException: Error creating bean with name 'authorizationAttributeSourceAdvisor' defined in class path resource [org/apache/shiro/spring/boot/autoconfigure/ShiroAnnotationProcessorAutoConfiguration.class]: Unsatisfied dependency expressed through method 'authorizationAttributeSourceAdvisor' parameter 0; nested exception is org.springframework.beans.factory.UnsatisfiedDependencyException: Error creating bean with name 'securityManager' defined in class path resource [org/apache/shiro/spring/boot/autoconfigure/ShiroAutoConfiguration.class]: Unsatisfied dependency expressed through method 'securityManager' parameter 0; nested exception is org.springframework.beans.factory.BeanCreationException: Error creating bean with name 'missingRealm' defined in class path resource [org/apache/shiro/spring/boot/autoconfigure/ShiroAutoConfiguration.class]: Bean instantiation via factory method failed; nested exception is org.springframework.beans.BeanInstantiationException: Failed to instantiate [org.apache.shiro.realm.Realm]: Factory method 'missingRealm' threw exception; nested exception is org.apache.shiro.spring.boot.autoconfigure.exception.NoRealmBeanConfiguredException
2020-03-17 12:04:59.571  INFO 2936 --- [main] ConditionEvaluationReportLoggingListener : 

Error starting ApplicationContext. To display the conditions report re-run your application with 'debug' enabled.
2020-03-17 12:04:59.593 ERROR 2936 --- [main] o.s.b.d.LoggingFailureAnalysisReporter   : 

***************************
APPLICATION FAILED TO START
***************************

Description:

No bean of type 'org.apache.shiro.realm.Realm' found.

Action:

Please create bean of type 'Realm' or add a shiro.ini in the root classpath (src/main/resources/shiro.ini) or in the META-INF folder (src/main/resources/META-INF/shiro.ini).

2020-03-17 12:13:09.926  INFO 10940 --- [main] com.demo.web.WebApplication              : Starting WebApplication on DESKTOP-AALMDPP with PID 10940 (E:\study\demo\web\target\classes started by lyods in E:\study\demo)
2020-03-17 12:13:09.936  INFO 10940 --- [main] com.demo.web.WebApplication              : The following profiles are active: dev
2020-03-17 12:13:11.288  INFO 10940 --- [main] trationDelegate$BeanPostProcessorChecker : Bean 'org.apache.shiro.spring.boot.autoconfigure.ShiroBeanAutoConfiguration' of type [org.apache.shiro.spring.boot.autoconfigure.ShiroBeanAutoConfiguration$$EnhancerBySpringCGLIB$$351bfa47] is not eligible for getting processed by all BeanPostProcessors (for example: not eligible for auto-proxying)
2020-03-17 12:13:11.349  INFO 10940 --- [main] trationDelegate$BeanPostProcessorChecker : Bean 'org.apache.shiro.spring.boot.autoconfigure.ShiroAnnotationProcessorAutoConfiguration' of type [org.apache.shiro.spring.boot.autoconfigure.ShiroAnnotationProcessorAutoConfiguration$$EnhancerBySpringCGLIB$$37af38ec] is not eligible for getting processed by all BeanPostProcessors (for example: not eligible for auto-proxying)
2020-03-17 12:13:11.414  INFO 10940 --- [main] trationDelegate$BeanPostProcessorChecker : Bean 'eventBus' of type [org.apache.shiro.event.support.DefaultEventBus] is not eligible for getting processed by all BeanPostProcessors (for example: not eligible for auto-proxying)
2020-03-17 12:13:11.516  INFO 10940 --- [main] trationDelegate$BeanPostProcessorChecker : Bean 'org.apache.shiro.spring.boot.autoconfigure.ShiroAutoConfiguration' of type [org.apache.shiro.spring.boot.autoconfigure.ShiroAutoConfiguration$$EnhancerBySpringCGLIB$$fb1b9c17] is not eligible for getting processed by all BeanPostProcessors (for example: not eligible for auto-proxying)
2020-03-17 12:13:11.528  WARN 10940 --- [main] ConfigServletWebServerApplicationContext : Exception encountered during context initialization - cancelling refresh attempt: org.springframework.beans.factory.BeanCreationException: Error creating bean with name 'objectMapperConfigurer' defined in class path resource [springfox/documentation/spring/web/SpringfoxWebMvcConfiguration.class]: BeanPostProcessor before instantiation of bean failed; nested exception is org.springframework.beans.factory.BeanCreationException: Error creating bean with name 'org.springframework.transaction.annotation.ProxyTransactionManagementConfiguration': BeanPostProcessor before instantiation of bean failed; nested exception is org.springframework.beans.factory.UnsatisfiedDependencyException: Error creating bean with name 'authorizationAttributeSourceAdvisor' defined in class path resource [org/apache/shiro/spring/boot/autoconfigure/ShiroAnnotationProcessorAutoConfiguration.class]: Unsatisfied dependency expressed through method 'authorizationAttributeSourceAdvisor' parameter 0; nested exception is org.springframework.beans.factory.UnsatisfiedDependencyException: Error creating bean with name 'securityManager' defined in class path resource [org/apache/shiro/spring/boot/autoconfigure/ShiroAutoConfiguration.class]: Unsatisfied dependency expressed through method 'securityManager' parameter 0; nested exception is org.springframework.beans.factory.BeanCreationException: Error creating bean with name 'missingRealm' defined in class path resource [org/apache/shiro/spring/boot/autoconfigure/ShiroAutoConfiguration.class]: Bean instantiation via factory method failed; nested exception is org.springframework.beans.BeanInstantiationException: Failed to instantiate [org.apache.shiro.realm.Realm]: Factory method 'missingRealm' threw exception; nested exception is org.apache.shiro.spring.boot.autoconfigure.exception.NoRealmBeanConfiguredException
2020-03-17 12:13:11.537  INFO 10940 --- [main] ConditionEvaluationReportLoggingListener : 

Error starting ApplicationContext. To display the conditions report re-run your application with 'debug' enabled.
2020-03-17 12:13:11.548 ERROR 10940 --- [main] o.s.b.d.LoggingFailureAnalysisReporter   : 

***************************
APPLICATION FAILED TO START
***************************

Description:

No bean of type 'org.apache.shiro.realm.Realm' found.

Action:

Please create bean of type 'Realm' or add a shiro.ini in the root classpath (src/main/resources/shiro.ini) or in the META-INF folder (src/main/resources/META-INF/shiro.ini).

2020-03-17 12:15:20.652  INFO 8668 --- [main] com.demo.web.WebApplication              : Starting WebApplication on DESKTOP-AALMDPP with PID 8668 (E:\study\demo\web\target\classes started by lyods in E:\study\demo)
2020-03-17 12:15:20.656  INFO 8668 --- [main] com.demo.web.WebApplication              : The following profiles are active: dev
2020-03-17 12:15:22.103  INFO 8668 --- [main] trationDelegate$BeanPostProcessorChecker : Bean 'org.springframework.transaction.annotation.ProxyTransactionManagementConfiguration' of type [org.springframework.transaction.annotation.ProxyTransactionManagementConfiguration$$EnhancerBySpringCGLIB$$fb23ca8d] is not eligible for getting processed by all BeanPostProcessors (for example: not eligible for auto-proxying)
2020-03-17 12:15:22.591  INFO 8668 --- [main] o.s.b.w.embedded.tomcat.TomcatWebServer  : Tomcat initialized with port(s): 8090 (http)
2020-03-17 12:15:22.612  INFO 8668 --- [main] o.apache.catalina.core.StandardService   : Starting service [Tomcat]
2020-03-17 12:15:22.612  INFO 8668 --- [main] org.apache.catalina.core.StandardEngine  : Starting Servlet engine: [Apache Tomcat/9.0.21]
2020-03-17 12:15:22.719  INFO 8668 --- [main] o.a.c.c.C.[Tomcat].[localhost].[/demo]   : Initializing Spring embedded WebApplicationContext
2020-03-17 12:15:22.720  INFO 8668 --- [main] o.s.web.context.ContextLoader            : Root WebApplicationContext: initialization completed in 1998 ms
2020-03-17 12:15:23.875  INFO 8668 --- [main] o.s.s.concurrent.ThreadPoolTaskExecutor  : Initializing ExecutorService 'applicationTaskExecutor'
2020-03-17 12:15:24.173  INFO 8668 --- [main] d.s.w.p.DocumentationPluginsBootstrapper : Context refreshed
2020-03-17 12:15:24.192  INFO 8668 --- [main] d.s.w.p.DocumentationPluginsBootstrapper : Found 1 custom documentation plugin(s)
2020-03-17 12:15:24.204  INFO 8668 --- [main] s.d.s.w.s.ApiListingReferenceScanner     : Scanning for api listing references
2020-03-17 12:15:24.409  INFO 8668 --- [main] o.s.b.w.embedded.tomcat.TomcatWebServer  : Tomcat started on port(s): 8090 (http) with context path '/demo'
2020-03-17 12:15:24.412  INFO 8668 --- [main] com.demo.web.WebApplication              : Started WebApplication in 4.37 seconds (JVM running for 5.214)
2020-03-17 14:00:56.288  INFO 8668 --- [http-nio-8090-exec-2] o.a.c.c.C.[Tomcat].[localhost].[/demo]   : Initializing Spring DispatcherServlet 'dispatcherServlet'
2020-03-17 14:00:56.288  INFO 8668 --- [http-nio-8090-exec-2] o.s.web.servlet.DispatcherServlet        : Initializing Servlet 'dispatcherServlet'
2020-03-17 14:00:56.298  INFO 8668 --- [http-nio-8090-exec-2] o.s.web.servlet.DispatcherServlet        : Completed initialization in 9 ms
2020-03-17 14:00:56.363  INFO 8668 --- [http-nio-8090-exec-2] com.demo.web.aspect.DataSourceAspect     : >>>>>>> className:com.sun.proxy.$Proxy84,method:findAll,args:
2020-03-17 14:00:56.364  INFO 8668 --- [http-nio-8090-exec-2] com.demo.web.aspect.DataSourceAspect     : >>>>>>>findAll 方法开头包含的单词为:find
2020-03-17 14:00:56.364  INFO 8668 --- [http-nio-8090-exec-2] com.demo.web.aspect.DataSourceAspect     : >>>>>>>findAll 方法使用的数据源为: DatabaseType.master(name=read)
2020-03-17 14:00:56.448  INFO 8668 --- [http-nio-8090-exec-2] com.demo.web.config.DynamicDataSource    : =======================DataSource=======================DatabaseType.master(name=read)
2020-03-17 14:00:56.449  INFO 8668 --- [http-nio-8090-exec-2] com.zaxxer.hikari.HikariDataSource       : HikariPool-1 - Starting...
2020-03-17 14:00:56.713  INFO 8668 --- [http-nio-8090-exec-2] com.zaxxer.hikari.HikariDataSource       : HikariPool-1 - Start completed.
2020-03-17 14:14:25.832  INFO 11940 --- [main] com.demo.web.WebApplication              : Starting WebApplication on DESKTOP-AALMDPP with PID 11940 (E:\study\demo\web\target\classes started by lyods in E:\study\demo)
2020-03-17 14:14:25.837  INFO 11940 --- [main] com.demo.web.WebApplication              : The following profiles are active: dev
2020-03-17 14:14:27.839  INFO 11940 --- [main] trationDelegate$BeanPostProcessorChecker : Bean 'org.springframework.transaction.annotation.ProxyTransactionManagementConfiguration' of type [org.springframework.transaction.annotation.ProxyTransactionManagementConfiguration$$EnhancerBySpringCGLIB$$fd367a1c] is not eligible for getting processed by all BeanPostProcessors (for example: not eligible for auto-proxying)
2020-03-17 14:14:28.179  INFO 11940 --- [main] o.s.b.w.embedded.tomcat.TomcatWebServer  : Tomcat initialized with port(s): 8090 (http)
2020-03-17 14:14:28.208  INFO 11940 --- [main] o.apache.catalina.core.StandardService   : Starting service [Tomcat]
2020-03-17 14:14:28.208  INFO 11940 --- [main] org.apache.catalina.core.StandardEngine  : Starting Servlet engine: [Apache Tomcat/9.0.21]
2020-03-17 14:14:28.295  INFO 11940 --- [main] o.a.c.c.C.[Tomcat].[localhost].[/demo]   : Initializing Spring embedded WebApplicationContext
2020-03-17 14:14:28.295  INFO 11940 --- [main] o.s.web.context.ContextLoader            : Root WebApplicationContext: initialization completed in 2302 ms
2020-03-17 14:14:29.202  INFO 11940 --- [main] o.s.s.concurrent.ThreadPoolTaskExecutor  : Initializing ExecutorService 'applicationTaskExecutor'
2020-03-17 14:14:29.441  INFO 11940 --- [main] d.s.w.p.DocumentationPluginsBootstrapper : Context refreshed
2020-03-17 14:14:29.467  INFO 11940 --- [main] d.s.w.p.DocumentationPluginsBootstrapper : Found 1 custom documentation plugin(s)
2020-03-17 14:14:29.492  INFO 11940 --- [main] s.d.s.w.s.ApiListingReferenceScanner     : Scanning for api listing references
2020-03-17 14:14:29.669  INFO 11940 --- [main] o.s.b.w.embedded.tomcat.TomcatWebServer  : Tomcat started on port(s): 8090 (http) with context path '/demo'
2020-03-17 14:14:29.671  INFO 11940 --- [main] com.demo.web.WebApplication              : Started WebApplication in 4.579 seconds (JVM running for 5.52)
2020-03-17 14:15:08.177  INFO 11940 --- [http-nio-8090-exec-1] o.a.c.c.C.[Tomcat].[localhost].[/demo]   : Initializing Spring DispatcherServlet 'dispatcherServlet'
2020-03-17 14:15:08.178  INFO 11940 --- [http-nio-8090-exec-1] o.s.web.servlet.DispatcherServlet        : Initializing Servlet 'dispatcherServlet'
2020-03-17 14:15:08.187  INFO 11940 --- [http-nio-8090-exec-1] o.s.web.servlet.DispatcherServlet        : Completed initialization in 9 ms
2020-03-17 14:15:08.218  INFO 11940 --- [http-nio-8090-exec-1] com.demo.web.aspect.DataSourceAspect     : >>>>>>> className:com.sun.proxy.$Proxy84,method:findAll,args:
2020-03-17 14:15:08.219  INFO 11940 --- [http-nio-8090-exec-1] com.demo.web.aspect.DataSourceAspect     : >>>>>>>findAll 方法开头包含的单词为:find
2020-03-17 14:15:08.219  INFO 11940 --- [http-nio-8090-exec-1] com.demo.web.aspect.DataSourceAspect     : >>>>>>>findAll 方法使用的数据源为: DatabaseType.master(name=read)
2020-03-17 14:15:08.259  INFO 11940 --- [http-nio-8090-exec-1] com.demo.web.config.DynamicDataSource    : =======================DataSource=======================DatabaseType.master(name=read)
2020-03-17 14:15:08.260  INFO 11940 --- [http-nio-8090-exec-1] com.zaxxer.hikari.HikariDataSource       : HikariPool-1 - Starting...
2020-03-17 14:15:08.368  INFO 11940 --- [http-nio-8090-exec-1] com.zaxxer.hikari.HikariDataSource       : HikariPool-1 - Start completed.
2020-03-17 14:19:06.751  INFO 5272 --- [main] com.demo.web.WebApplication              : Starting WebApplication on DESKTOP-AALMDPP with PID 5272 (E:\study\demo\web\target\classes started by lyods in E:\study\demo)
2020-03-17 14:19:06.755  INFO 5272 --- [main] com.demo.web.WebApplication              : The following profiles are active: dev
2020-03-17 14:19:08.277  INFO 5272 --- [main] trationDelegate$BeanPostProcessorChecker : Bean 'org.springframework.transaction.annotation.ProxyTransactionManagementConfiguration' of type [org.springframework.transaction.annotation.ProxyTransactionManagementConfiguration$$EnhancerBySpringCGLIB$$7f0d57ae] is not eligible for getting processed by all BeanPostProcessors (for example: not eligible for auto-proxying)
2020-03-17 14:19:08.620  INFO 5272 --- [main] o.s.b.w.embedded.tomcat.TomcatWebServer  : Tomcat initialized with port(s): 8090 (http)
2020-03-17 14:19:08.638  INFO 5272 --- [main] o.apache.catalina.core.StandardService   : Starting service [Tomcat]
2020-03-17 14:19:08.638  INFO 5272 --- [main] org.apache.catalina.core.StandardEngine  : Starting Servlet engine: [Apache Tomcat/9.0.21]
2020-03-17 14:19:08.734  INFO 5272 --- [main] o.a.c.c.C.[Tomcat].[localhost].[/demo]   : Initializing Spring embedded WebApplicationContext
2020-03-17 14:19:08.735  INFO 5272 --- [main] o.s.web.context.ContextLoader            : Root WebApplicationContext: initialization completed in 1882 ms
2020-03-17 14:19:09.545  INFO 5272 --- [main] o.s.s.concurrent.ThreadPoolTaskExecutor  : Initializing ExecutorService 'applicationTaskExecutor'
2020-03-17 14:19:09.769  INFO 5272 --- [main] d.s.w.p.DocumentationPluginsBootstrapper : Context refreshed
2020-03-17 14:19:09.786  INFO 5272 --- [main] d.s.w.p.DocumentationPluginsBootstrapper : Found 1 custom documentation plugin(s)
2020-03-17 14:19:09.801  INFO 5272 --- [main] s.d.s.w.s.ApiListingReferenceScanner     : Scanning for api listing references
2020-03-17 14:19:09.988  INFO 5272 --- [main] o.s.b.w.embedded.tomcat.TomcatWebServer  : Tomcat started on port(s): 8090 (http) with context path '/demo'
2020-03-17 14:19:09.996  INFO 5272 --- [main] com.demo.web.WebApplication              : Started WebApplication in 3.838 seconds (JVM running for 4.601)
2020-03-17 14:19:13.072  INFO 5272 --- [http-nio-8090-exec-1] o.a.c.c.C.[Tomcat].[localhost].[/demo]   : Initializing Spring DispatcherServlet 'dispatcherServlet'
2020-03-17 14:19:13.072  INFO 5272 --- [http-nio-8090-exec-1] o.s.web.servlet.DispatcherServlet        : Initializing Servlet 'dispatcherServlet'
2020-03-17 14:19:13.084  INFO 5272 --- [http-nio-8090-exec-1] o.s.web.servlet.DispatcherServlet        : Completed initialization in 11 ms
2020-03-17 14:19:13.113  INFO 5272 --- [http-nio-8090-exec-1] com.demo.web.aspect.DataSourceAspect     : >>>>>>> className:com.sun.proxy.$Proxy84,method:findAll,args:
2020-03-17 14:19:13.114  INFO 5272 --- [http-nio-8090-exec-1] com.demo.web.aspect.DataSourceAspect     : >>>>>>>findAll 方法开头包含的单词为:find
2020-03-17 14:19:13.114  INFO 5272 --- [http-nio-8090-exec-1] com.demo.web.aspect.DataSourceAspect     : >>>>>>>findAll 方法使用的数据源为: DatabaseType.master(name=read)
2020-03-17 14:19:13.150  INFO 5272 --- [http-nio-8090-exec-1] com.demo.web.config.DynamicDataSource    : =======================DataSource=======================DatabaseType.master(name=read)
2020-03-17 14:19:13.150  INFO 5272 --- [http-nio-8090-exec-1] com.zaxxer.hikari.HikariDataSource       : HikariPool-1 - Starting...
2020-03-17 14:19:13.258  INFO 5272 --- [http-nio-8090-exec-1] com.zaxxer.hikari.HikariDataSource       : HikariPool-1 - Start completed.
2020-03-17 14:22:19.383  INFO 11652 --- [main] com.demo.web.WebApplication              : Starting WebApplication on DESKTOP-AALMDPP with PID 11652 (E:\study\demo\web\target\classes started by lyods in E:\study\demo)
2020-03-17 14:22:19.389  INFO 11652 --- [main] com.demo.web.WebApplication              : The following profiles are active: dev
2020-03-17 14:22:21.251  INFO 11652 --- [main] trationDelegate$BeanPostProcessorChecker : Bean 'org.springframework.transaction.annotation.ProxyTransactionManagementConfiguration' of type [org.springframework.transaction.annotation.ProxyTransactionManagementConfiguration$$EnhancerBySpringCGLIB$$6120f87] is not eligible for getting processed by all BeanPostProcessors (for example: not eligible for auto-proxying)
2020-03-17 14:22:21.598  INFO 11652 --- [main] o.s.b.w.embedded.tomcat.TomcatWebServer  : Tomcat initialized with port(s): 8090 (http)
2020-03-17 14:22:21.617  INFO 11652 --- [main] o.apache.catalina.core.StandardService   : Starting service [Tomcat]
2020-03-17 14:22:21.617  INFO 11652 --- [main] org.apache.catalina.core.StandardEngine  : Starting Servlet engine: [Apache Tomcat/9.0.21]
2020-03-17 14:22:21.701  INFO 11652 --- [main] o.a.c.c.C.[Tomcat].[localhost].[/demo]   : Initializing Spring embedded WebApplicationContext
2020-03-17 14:22:21.701  INFO 11652 --- [main] o.s.web.context.ContextLoader            : Root WebApplicationContext: initialization completed in 2221 ms
2020-03-17 14:22:22.617  INFO 11652 --- [main] o.s.s.concurrent.ThreadPoolTaskExecutor  : Initializing ExecutorService 'applicationTaskExecutor'
2020-03-17 14:22:22.834  INFO 11652 --- [main] d.s.w.p.DocumentationPluginsBootstrapper : Context refreshed
2020-03-17 14:22:22.847  INFO 11652 --- [main] d.s.w.p.DocumentationPluginsBootstrapper : Found 1 custom documentation plugin(s)
2020-03-17 14:22:22.859  INFO 11652 --- [main] s.d.s.w.s.ApiListingReferenceScanner     : Scanning for api listing references
2020-03-17 14:22:23.000  INFO 11652 --- [main] o.s.b.w.embedded.tomcat.TomcatWebServer  : Tomcat started on port(s): 8090 (http) with context path '/demo'
2020-03-17 14:22:23.003  INFO 11652 --- [main] com.demo.web.WebApplication              : Started WebApplication in 4.263 seconds (JVM running for 5.629)
2020-03-17 14:23:06.801  INFO 11652 --- [http-nio-8090-exec-3] o.a.c.c.C.[Tomcat].[localhost].[/demo]   : Initializing Spring DispatcherServlet 'dispatcherServlet'
2020-03-17 14:23:06.801  INFO 11652 --- [http-nio-8090-exec-3] o.s.web.servlet.DispatcherServlet        : Initializing Servlet 'dispatcherServlet'
2020-03-17 14:23:06.808  INFO 11652 --- [http-nio-8090-exec-3] o.s.web.servlet.DispatcherServlet        : Completed initialization in 7 ms
2020-03-17 14:23:06.840  INFO 11652 --- [http-nio-8090-exec-3] com.demo.web.aspect.DataSourceAspect     : >>>>>>>>>>>>>>>> className:com.sun.proxy.$Proxy84,method:findAll,args:
2020-03-17 14:23:06.841  INFO 11652 --- [http-nio-8090-exec-3] com.demo.web.aspect.DataSourceAspect     : >>>>>>>>>>>>>>>> findAll 方法开头包含的单词为: find
2020-03-17 14:23:06.841  INFO 11652 --- [http-nio-8090-exec-3] com.demo.web.aspect.DataSourceAspect     : >>>>>>>>>>>>>>>> findAll 方法使用的数据源为: DatabaseType.master(name=read)
2020-03-17 14:23:06.892  INFO 11652 --- [http-nio-8090-exec-3] com.demo.web.config.DynamicDataSource    : =======================DataSource=======================DatabaseType.master(name=read)
2020-03-17 14:23:06.893  INFO 11652 --- [http-nio-8090-exec-3] com.zaxxer.hikari.HikariDataSource       : HikariPool-1 - Starting...
2020-03-17 14:23:07.008  INFO 11652 --- [http-nio-8090-exec-3] com.zaxxer.hikari.HikariDataSource       : HikariPool-1 - Start completed.
2020-03-17 14:29:52.967  INFO 10700 --- [main] com.demo.web.WebApplication              : Starting WebApplication on DESKTOP-AALMDPP with PID 10700 (E:\study\demo\web\target\classes started by lyods in E:\study\demo)
2020-03-17 14:29:52.970  INFO 10700 --- [main] com.demo.web.WebApplication              : The following profiles are active: dev
2020-03-17 14:29:54.420  INFO 10700 --- [main] trationDelegate$BeanPostProcessorChecker : Bean 'org.springframework.transaction.annotation.ProxyTransactionManagementConfiguration' of type [org.springframework.transaction.annotation.ProxyTransactionManagementConfiguration$$EnhancerBySpringCGLIB$$1af91100] is not eligible for getting processed by all BeanPostProcessors (for example: not eligible for auto-proxying)
2020-03-17 14:29:54.720  INFO 10700 --- [main] o.s.b.w.embedded.tomcat.TomcatWebServer  : Tomcat initialized with port(s): 8090 (http)
2020-03-17 14:29:54.738  INFO 10700 --- [main] o.apache.catalina.core.StandardService   : Starting service [Tomcat]
2020-03-17 14:29:54.739  INFO 10700 --- [main] org.apache.catalina.core.StandardEngine  : Starting Servlet engine: [Apache Tomcat/9.0.21]
2020-03-17 14:29:54.820  INFO 10700 --- [main] o.a.c.c.C.[Tomcat].[localhost].[/demo]   : Initializing Spring embedded WebApplicationContext
2020-03-17 14:29:54.821  INFO 10700 --- [main] o.s.web.context.ContextLoader            : Root WebApplicationContext: initialization completed in 1672 ms
2020-03-17 14:29:55.625  INFO 10700 --- [main] o.s.s.concurrent.ThreadPoolTaskExecutor  : Initializing ExecutorService 'applicationTaskExecutor'
2020-03-17 14:29:55.850  INFO 10700 --- [main] d.s.w.p.DocumentationPluginsBootstrapper : Context refreshed
2020-03-17 14:29:55.866  INFO 10700 --- [main] d.s.w.p.DocumentationPluginsBootstrapper : Found 1 custom documentation plugin(s)
2020-03-17 14:29:55.878  INFO 10700 --- [main] s.d.s.w.s.ApiListingReferenceScanner     : Scanning for api listing references
2020-03-17 14:29:56.014  INFO 10700 --- [main] o.s.b.w.embedded.tomcat.TomcatWebServer  : Tomcat started on port(s): 8090 (http) with context path '/demo'
2020-03-17 14:29:56.017  INFO 10700 --- [main] com.demo.web.WebApplication              : Started WebApplication in 3.645 seconds (JVM running for 4.43)
2020-03-17 14:30:18.014  INFO 10700 --- [http-nio-8090-exec-1] o.a.c.c.C.[Tomcat].[localhost].[/demo]   : Initializing Spring DispatcherServlet 'dispatcherServlet'
2020-03-17 14:30:18.015  INFO 10700 --- [http-nio-8090-exec-1] o.s.web.servlet.DispatcherServlet        : Initializing Servlet 'dispatcherServlet'
2020-03-17 14:30:18.025  INFO 10700 --- [http-nio-8090-exec-1] o.s.web.servlet.DispatcherServlet        : Completed initialization in 10 ms
2020-03-17 14:30:18.060  INFO 10700 --- [http-nio-8090-exec-1] com.demo.web.aspect.DataSourceAspect     : >>>>>>>>>>>>>>>> className:com.sun.proxy.$Proxy84,method:findAll,args:
2020-03-17 14:30:18.061  INFO 10700 --- [http-nio-8090-exec-1] com.demo.web.aspect.DataSourceAspect     : >>>>>>>>>>>>>>>> findAll 方法开头包含的单词为: find
2020-03-17 14:30:18.061  INFO 10700 --- [http-nio-8090-exec-1] com.demo.web.aspect.DataSourceAspect     : >>>>>>>>>>>>>>>> findAll 方法使用的数据源为: DatabaseType.master(name=read)
2020-03-17 14:30:18.111  INFO 10700 --- [http-nio-8090-exec-1] com.demo.web.config.DynamicDataSource    : =======================DataSource=======================DatabaseType.master(name=read)
2020-03-17 14:30:18.112  INFO 10700 --- [http-nio-8090-exec-1] com.zaxxer.hikari.HikariDataSource       : HikariPool-1 - Starting...
2020-03-17 14:30:18.271  INFO 10700 --- [http-nio-8090-exec-1] com.zaxxer.hikari.HikariDataSource       : HikariPool-1 - Start completed.
2020-03-17 14:44:38.577  INFO 9128 --- [main] com.demo.web.WebApplication              : Starting WebApplication on DESKTOP-AALMDPP with PID 9128 (E:\study\demo\web\target\classes started by lyods in E:\study\demo)
2020-03-17 14:44:38.581  INFO 9128 --- [main] com.demo.web.WebApplication              : The following profiles are active: dev
2020-03-17 14:44:40.583  INFO 9128 --- [main] trationDelegate$BeanPostProcessorChecker : Bean 'org.springframework.transaction.annotation.ProxyTransactionManagementConfiguration' of type [org.springframework.transaction.annotation.ProxyTransactionManagementConfiguration$$EnhancerBySpringCGLIB$$93533f0d] is not eligible for getting processed by all BeanPostProcessors (for example: not eligible for auto-proxying)
2020-03-17 14:44:40.920  INFO 9128 --- [main] o.s.b.w.embedded.tomcat.TomcatWebServer  : Tomcat initialized with port(s): 8090 (http)
2020-03-17 14:44:40.954  INFO 9128 --- [main] o.apache.catalina.core.StandardService   : Starting service [Tomcat]
2020-03-17 14:44:40.954  INFO 9128 --- [main] org.apache.catalina.core.StandardEngine  : Starting Servlet engine: [Apache Tomcat/9.0.21]
2020-03-17 14:44:41.041  INFO 9128 --- [main] o.a.c.c.C.[Tomcat].[localhost].[/demo]   : Initializing Spring embedded WebApplicationContext
2020-03-17 14:44:41.041  INFO 9128 --- [main] o.s.web.context.ContextLoader            : Root WebApplicationContext: initialization completed in 2377 ms
2020-03-17 14:44:42.007  INFO 9128 --- [main] o.s.s.concurrent.ThreadPoolTaskExecutor  : Initializing ExecutorService 'applicationTaskExecutor'
2020-03-17 14:44:42.241  INFO 9128 --- [main] d.s.w.p.DocumentationPluginsBootstrapper : Context refreshed
2020-03-17 14:44:42.255  INFO 9128 --- [main] d.s.w.p.DocumentationPluginsBootstrapper : Found 1 custom documentation plugin(s)
2020-03-17 14:44:42.266  INFO 9128 --- [main] s.d.s.w.s.ApiListingReferenceScanner     : Scanning for api listing references
2020-03-17 14:44:42.410  INFO 9128 --- [main] o.s.b.w.embedded.tomcat.TomcatWebServer  : Tomcat started on port(s): 8090 (http) with context path '/demo'
2020-03-17 14:44:42.413  INFO 9128 --- [main] com.demo.web.WebApplication              : Started WebApplication in 4.51 seconds (JVM running for 5.314)
2020-03-17 14:44:49.164  INFO 9128 --- [http-nio-8090-exec-2] o.a.c.c.C.[Tomcat].[localhost].[/demo]   : Initializing Spring DispatcherServlet 'dispatcherServlet'
2020-03-17 14:44:49.164  INFO 9128 --- [http-nio-8090-exec-2] o.s.web.servlet.DispatcherServlet        : Initializing Servlet 'dispatcherServlet'
2020-03-17 14:44:49.173  INFO 9128 --- [http-nio-8090-exec-2] o.s.web.servlet.DispatcherServlet        : Completed initialization in 9 ms
2020-03-17 14:44:49.209  INFO 9128 --- [http-nio-8090-exec-2] com.demo.web.aspect.DataSourceAspect     : >>>>>>>>>>>>>>>> className:com.sun.proxy.$Proxy84,method:findAll,args:
2020-03-17 14:44:49.211  INFO 9128 --- [http-nio-8090-exec-2] com.demo.web.aspect.DataSourceAspect     : >>>>>>>>>>>>>>>> findAll 方法开头包含的单词为: find
2020-03-17 14:44:49.212  INFO 9128 --- [http-nio-8090-exec-2] com.demo.web.aspect.DataSourceAspect     : >>>>>>>>>>>>>>>> findAll 方法使用的数据源为: DatabaseType.master(name=read)
2020-03-17 14:44:49.256  INFO 9128 --- [http-nio-8090-exec-2] com.demo.web.config.DynamicDataSource    : =======================DataSource=======================DatabaseType.master(name=read)
2020-03-17 14:44:49.256  INFO 9128 --- [http-nio-8090-exec-2] com.zaxxer.hikari.HikariDataSource       : HikariPool-1 - Starting...
2020-03-17 14:44:49.376  INFO 9128 --- [http-nio-8090-exec-2] com.zaxxer.hikari.HikariDataSource       : HikariPool-1 - Start completed.
2020-03-17 15:11:52.300  INFO 10844 --- [main] com.demo.web.WebApplication              : Starting WebApplication on DESKTOP-AALMDPP with PID 10844 (E:\study\demo\web\target\classes started by lyods in E:\study\demo)
2020-03-17 15:11:52.303  INFO 10844 --- [main] com.demo.web.WebApplication              : The following profiles are active: dev
2020-03-17 15:11:53.749  INFO 10844 --- [main] trationDelegate$BeanPostProcessorChecker : Bean 'org.springframework.transaction.annotation.ProxyTransactionManagementConfiguration' of type [org.springframework.transaction.annotation.ProxyTransactionManagementConfiguration$$EnhancerBySpringCGLIB$$330b1184] is not eligible for getting processed by all BeanPostProcessors (for example: not eligible for auto-proxying)
2020-03-17 15:11:54.138  INFO 10844 --- [main] o.s.b.w.embedded.tomcat.TomcatWebServer  : Tomcat initialized with port(s): 8090 (http)
2020-03-17 15:11:54.160  INFO 10844 --- [main] o.apache.catalina.core.StandardService   : Starting service [Tomcat]
2020-03-17 15:11:54.161  INFO 10844 --- [main] org.apache.catalina.core.StandardEngine  : Starting Servlet engine: [Apache Tomcat/9.0.21]
2020-03-17 15:11:54.263  INFO 10844 --- [main] o.a.c.c.C.[Tomcat].[localhost].[/demo]   : Initializing Spring embedded WebApplicationContext
2020-03-17 15:11:54.263  INFO 10844 --- [main] o.s.web.context.ContextLoader            : Root WebApplicationContext: initialization completed in 1904 ms
2020-03-17 15:11:55.455  INFO 10844 --- [main] o.s.s.concurrent.ThreadPoolTaskExecutor  : Initializing ExecutorService 'applicationTaskExecutor'
2020-03-17 15:11:55.814  INFO 10844 --- [main] d.s.w.p.DocumentationPluginsBootstrapper : Context refreshed
2020-03-17 15:11:55.832  INFO 10844 --- [main] d.s.w.p.DocumentationPluginsBootstrapper : Found 1 custom documentation plugin(s)
2020-03-17 15:11:55.848  INFO 10844 --- [main] s.d.s.w.s.ApiListingReferenceScanner     : Scanning for api listing references
2020-03-17 15:11:56.079  INFO 10844 --- [main] o.s.b.w.embedded.tomcat.TomcatWebServer  : Tomcat started on port(s): 8090 (http) with context path '/demo'
2020-03-17 15:11:56.084  INFO 10844 --- [main] com.demo.web.WebApplication              : Started WebApplication in 4.348 seconds (JVM running for 6.728)
2020-03-17 15:12:00.070  INFO 10844 --- [http-nio-8090-exec-2] o.a.c.c.C.[Tomcat].[localhost].[/demo]   : Initializing Spring DispatcherServlet 'dispatcherServlet'
2020-03-17 15:12:00.071  INFO 10844 --- [http-nio-8090-exec-2] o.s.web.servlet.DispatcherServlet        : Initializing Servlet 'dispatcherServlet'
2020-03-17 15:12:00.086  INFO 10844 --- [http-nio-8090-exec-2] o.s.web.servlet.DispatcherServlet        : Completed initialization in 15 ms
2020-03-17 15:12:00.144  INFO 10844 --- [http-nio-8090-exec-2] com.demo.web.aspect.DataSourceAspect     : >>>>>>>>>>>>>>>> className:com.sun.proxy.$Proxy84,method:findAll,args:
2020-03-17 15:12:00.145  INFO 10844 --- [http-nio-8090-exec-2] com.demo.web.aspect.DataSourceAspect     : >>>>>>>>>>>>>>>> findAll 方法开头包含的单词为: find
2020-03-17 15:12:00.146  INFO 10844 --- [http-nio-8090-exec-2] com.demo.web.aspect.DataSourceAspect     : >>>>>>>>>>>>>>>> findAll 方法使用的数据源为: DatabaseType.master(name=read)
2020-03-17 15:12:00.216  INFO 10844 --- [http-nio-8090-exec-2] com.demo.web.config.DynamicDataSource    : =======================DataSource=======================DatabaseType.master(name=read)
2020-03-17 15:12:00.217  INFO 10844 --- [http-nio-8090-exec-2] com.zaxxer.hikari.HikariDataSource       : HikariPool-1 - Starting...
2020-03-17 15:12:00.412  INFO 10844 --- [http-nio-8090-exec-2] com.zaxxer.hikari.HikariDataSource       : HikariPool-1 - Start completed.
2020-03-17 15:14:02.229  INFO 10844 --- [Thread-12] o.s.s.concurrent.ThreadPoolTaskExecutor  : Shutting down ExecutorService 'applicationTaskExecutor'
2020-03-17 15:14:02.231  INFO 10844 --- [Thread-12] com.zaxxer.hikari.HikariDataSource       : HikariPool-1 - Shutdown initiated...
2020-03-17 15:14:02.237  INFO 10844 --- [Thread-12] com.zaxxer.hikari.HikariDataSource       : HikariPool-1 - Shutdown completed.
2020-03-17 15:14:02.237  INFO 10844 --- [Thread-12] com.alibaba.druid.pool.DruidDataSource   : {dataSource-0} closing ...
2020-03-17 15:21:27.315  INFO 6060 --- [main] com.demo.web.WebApplication              : Starting WebApplication on DESKTOP-AALMDPP with PID 6060 (E:\study\demo\web\target\classes started by lyods in E:\study\demo)
2020-03-17 15:21:27.318  INFO 6060 --- [main] com.demo.web.WebApplication              : The following profiles are active: dev
2020-03-17 15:21:29.254  INFO 6060 --- [main] trationDelegate$BeanPostProcessorChecker : Bean 'org.springframework.transaction.annotation.ProxyTransactionManagementConfiguration' of type [org.springframework.transaction.annotation.ProxyTransactionManagementConfiguration$$EnhancerBySpringCGLIB$$f36fa5a3] is not eligible for getting processed by all BeanPostProcessors (for example: not eligible for auto-proxying)
2020-03-17 15:21:29.661  INFO 6060 --- [main] o.s.b.w.embedded.tomcat.TomcatWebServer  : Tomcat initialized with port(s): 8090 (http)
2020-03-17 15:21:29.685  INFO 6060 --- [main] o.apache.catalina.core.StandardService   : Starting service [Tomcat]
2020-03-17 15:21:29.686  INFO 6060 --- [main] org.apache.catalina.core.StandardEngine  : Starting Servlet engine: [Apache Tomcat/9.0.21]
2020-03-17 15:21:29.785  INFO 6060 --- [main] o.a.c.c.C.[Tomcat].[localhost].[/demo]   : Initializing Spring embedded WebApplicationContext
2020-03-17 15:21:29.785  INFO 6060 --- [main] o.s.web.context.ContextLoader            : Root WebApplicationContext: initialization completed in 2401 ms
2020-03-17 15:21:30.715  INFO 6060 --- [main] o.s.s.concurrent.ThreadPoolTaskExecutor  : Initializing ExecutorService 'applicationTaskExecutor'
2020-03-17 15:21:30.933  INFO 6060 --- [main] d.s.w.p.DocumentationPluginsBootstrapper : Context refreshed
2020-03-17 15:21:30.948  INFO 6060 --- [main] d.s.w.p.DocumentationPluginsBootstrapper : Found 1 custom documentation plugin(s)
2020-03-17 15:21:30.960  INFO 6060 --- [main] s.d.s.w.s.ApiListingReferenceScanner     : Scanning for api listing references
2020-03-17 15:21:31.150  INFO 6060 --- [main] o.s.b.w.embedded.tomcat.TomcatWebServer  : Tomcat started on port(s): 8090 (http) with context path '/demo'
2020-03-17 15:21:31.154  INFO 6060 --- [main] com.demo.web.WebApplication              : Started WebApplication in 4.414 seconds (JVM running for 5.249)
2020-03-17 15:21:48.438  INFO 6060 --- [http-nio-8090-exec-1] o.a.c.c.C.[Tomcat].[localhost].[/demo]   : Initializing Spring DispatcherServlet 'dispatcherServlet'
2020-03-17 15:21:48.439  INFO 6060 --- [http-nio-8090-exec-1] o.s.web.servlet.DispatcherServlet        : Initializing Servlet 'dispatcherServlet'
2020-03-17 15:21:48.448  INFO 6060 --- [http-nio-8090-exec-1] o.s.web.servlet.DispatcherServlet        : Completed initialization in 9 ms
2020-03-17 15:21:48.478  INFO 6060 --- [http-nio-8090-exec-1] com.demo.web.aspect.DataSourceAspect     : >>>>>>>>>>>>>>>> className:com.sun.proxy.$Proxy84,method:findAll,args:
2020-03-17 15:21:48.479  INFO 6060 --- [http-nio-8090-exec-1] com.demo.web.aspect.DataSourceAspect     : >>>>>>>>>>>>>>>> findAll 方法开头包含的单词为: find
2020-03-17 15:21:48.480  INFO 6060 --- [http-nio-8090-exec-1] com.demo.web.aspect.DataSourceAspect     : >>>>>>>>>>>>>>>> findAll 方法使用的数据源为: DatabaseType.master(name=read)
2020-03-17 15:21:48.521  INFO 6060 --- [http-nio-8090-exec-1] com.demo.web.config.DynamicDataSource    : =======================DataSource=======================DatabaseType.master(name=read)
2020-03-17 15:21:48.522  INFO 6060 --- [http-nio-8090-exec-1] com.zaxxer.hikari.HikariDataSource       : HikariPool-1 - Starting...
2020-03-17 15:21:48.640  INFO 6060 --- [http-nio-8090-exec-1] com.zaxxer.hikari.HikariDataSource       : HikariPool-1 - Start completed.
2020-03-17 15:22:15.892  INFO 11384 --- [main] com.demo.web.WebApplication              : Starting WebApplication on DESKTOP-AALMDPP with PID 11384 (E:\study\demo\web\target\classes started by lyods in E:\study\demo)
2020-03-17 15:22:15.895  INFO 11384 --- [main] com.demo.web.WebApplication              : The following profiles are active: dev
2020-03-17 15:22:17.426  INFO 11384 --- [main] trationDelegate$BeanPostProcessorChecker : Bean 'org.springframework.transaction.annotation.ProxyTransactionManagementConfiguration' of type [org.springframework.transaction.annotation.ProxyTransactionManagementConfiguration$$EnhancerBySpringCGLIB$$1af91100] is not eligible for getting processed by all BeanPostProcessors (for example: not eligible for auto-proxying)
2020-03-17 15:22:17.913  INFO 11384 --- [main] o.s.b.w.embedded.tomcat.TomcatWebServer  : Tomcat initialized with port(s): 8090 (http)
2020-03-17 15:22:17.934  INFO 11384 --- [main] o.apache.catalina.core.StandardService   : Starting service [Tomcat]
2020-03-17 15:22:17.935  INFO 11384 --- [main] org.apache.catalina.core.StandardEngine  : Starting Servlet engine: [Apache Tomcat/9.0.21]
2020-03-17 15:22:18.030  INFO 11384 --- [main] o.a.c.c.C.[Tomcat].[localhost].[/demo]   : Initializing Spring embedded WebApplicationContext
2020-03-17 15:22:18.031  INFO 11384 --- [main] o.s.web.context.ContextLoader            : Root WebApplicationContext: initialization completed in 2052 ms
2020-03-17 15:22:18.928  INFO 11384 --- [main] o.s.s.concurrent.ThreadPoolTaskExecutor  : Initializing ExecutorService 'applicationTaskExecutor'
2020-03-17 15:22:19.147  INFO 11384 --- [main] d.s.w.p.DocumentationPluginsBootstrapper : Context refreshed
2020-03-17 15:22:19.160  INFO 11384 --- [main] d.s.w.p.DocumentationPluginsBootstrapper : Found 1 custom documentation plugin(s)
2020-03-17 15:22:19.172  INFO 11384 --- [main] s.d.s.w.s.ApiListingReferenceScanner     : Scanning for api listing references
2020-03-17 15:22:19.333  INFO 11384 --- [main] o.s.b.w.embedded.tomcat.TomcatWebServer  : Tomcat started on port(s): 8090 (http) with context path '/demo'
2020-03-17 15:22:19.335  INFO 11384 --- [main] com.demo.web.WebApplication              : Started WebApplication in 4.062 seconds (JVM running for 4.854)
2020-03-17 15:22:25.674  INFO 11384 --- [http-nio-8090-exec-2] o.a.c.c.C.[Tomcat].[localhost].[/demo]   : Initializing Spring DispatcherServlet 'dispatcherServlet'
2020-03-17 15:22:25.675  INFO 11384 --- [http-nio-8090-exec-2] o.s.web.servlet.DispatcherServlet        : Initializing Servlet 'dispatcherServlet'
2020-03-17 15:22:25.683  INFO 11384 --- [http-nio-8090-exec-2] o.s.web.servlet.DispatcherServlet        : Completed initialization in 8 ms
2020-03-17 15:22:25.711  INFO 11384 --- [http-nio-8090-exec-2] com.demo.web.aspect.DataSourceAspect     : >>>>>>>>>>>>>>>> className:com.sun.proxy.$Proxy84,method:findAll,args:
2020-03-17 15:22:25.711  INFO 11384 --- [http-nio-8090-exec-2] com.demo.web.aspect.DataSourceAspect     : >>>>>>>>>>>>>>>> findAll 方法开头包含的单词为: find
2020-03-17 15:22:25.712  INFO 11384 --- [http-nio-8090-exec-2] com.demo.web.aspect.DataSourceAspect     : >>>>>>>>>>>>>>>> findAll 方法使用的数据源为: DatabaseType.master(name=read)
2020-03-17 15:22:25.747  INFO 11384 --- [http-nio-8090-exec-2] com.demo.web.config.DynamicDataSource    : =======================DataSource=======================DatabaseType.master(name=read)
2020-03-17 15:22:25.748  INFO 11384 --- [http-nio-8090-exec-2] com.zaxxer.hikari.HikariDataSource       : HikariPool-1 - Starting...
2020-03-17 15:22:25.849  INFO 11384 --- [http-nio-8090-exec-2] com.zaxxer.hikari.HikariDataSource       : HikariPool-1 - Start completed.
2020-03-17 15:22:30.045  INFO 11384 --- [http-nio-8090-exec-3] com.demo.web.aspect.DataSourceAspect     : >>>>>>>>>>>>>>>> className:com.sun.proxy.$Proxy84,method:findAll,args:
2020-03-17 15:22:30.045  INFO 11384 --- [http-nio-8090-exec-3] com.demo.web.aspect.DataSourceAspect     : >>>>>>>>>>>>>>>> findAll 方法开头包含的单词为: find
2020-03-17 15:22:30.045  INFO 11384 --- [http-nio-8090-exec-3] com.demo.web.aspect.DataSourceAspect     : >>>>>>>>>>>>>>>> findAll 方法使用的数据源为: DatabaseType.master(name=read)
2020-03-17 15:22:30.046  INFO 11384 --- [http-nio-8090-exec-3] com.demo.web.config.DynamicDataSource    : =======================DataSource=======================DatabaseType.master(name=read)
2020-03-17 15:22:30.934  INFO 11384 --- [http-nio-8090-exec-4] com.demo.web.aspect.DataSourceAspect     : >>>>>>>>>>>>>>>> className:com.sun.proxy.$Proxy84,method:findAll,args:
2020-03-17 15:22:30.934  INFO 11384 --- [http-nio-8090-exec-4] com.demo.web.aspect.DataSourceAspect     : >>>>>>>>>>>>>>>> findAll 方法开头包含的单词为: find
2020-03-17 15:22:30.934  INFO 11384 --- [http-nio-8090-exec-4] com.demo.web.aspect.DataSourceAspect     : >>>>>>>>>>>>>>>> findAll 方法使用的数据源为: DatabaseType.master(name=read)
2020-03-17 15:22:30.935  INFO 11384 --- [http-nio-8090-exec-4] com.demo.web.config.DynamicDataSource    : =======================DataSource=======================DatabaseType.master(name=read)
2020-03-17 15:22:31.593  INFO 11384 --- [http-nio-8090-exec-5] com.demo.web.aspect.DataSourceAspect     : >>>>>>>>>>>>>>>> className:com.sun.proxy.$Proxy84,method:findAll,args:
2020-03-17 15:22:31.593  INFO 11384 --- [http-nio-8090-exec-5] com.demo.web.aspect.DataSourceAspect     : >>>>>>>>>>>>>>>> findAll 方法开头包含的单词为: find
2020-03-17 15:22:31.595  INFO 11384 --- [http-nio-8090-exec-5] com.demo.web.aspect.DataSourceAspect     : >>>>>>>>>>>>>>>> findAll 方法使用的数据源为: DatabaseType.master(name=read)
2020-03-17 15:22:31.595  INFO 11384 --- [http-nio-8090-exec-5] com.demo.web.config.DynamicDataSource    : =======================DataSource=======================DatabaseType.master(name=read)
2020-03-17 15:22:32.018  INFO 11384 --- [http-nio-8090-exec-6] com.demo.web.aspect.DataSourceAspect     : >>>>>>>>>>>>>>>> className:com.sun.proxy.$Proxy84,method:findAll,args:
2020-03-17 15:22:32.018  INFO 11384 --- [http-nio-8090-exec-6] com.demo.web.aspect.DataSourceAspect     : >>>>>>>>>>>>>>>> findAll 方法开头包含的单词为: find
2020-03-17 15:22:32.018  INFO 11384 --- [http-nio-8090-exec-6] com.demo.web.aspect.DataSourceAspect     : >>>>>>>>>>>>>>>> findAll 方法使用的数据源为: DatabaseType.master(name=read)
2020-03-17 15:22:32.019  INFO 11384 --- [http-nio-8090-exec-6] com.demo.web.config.DynamicDataSource    : =======================DataSource=======================DatabaseType.master(name=read)
2020-03-17 15:22:32.502  INFO 11384 --- [http-nio-8090-exec-7] com.demo.web.aspect.DataSourceAspect     : >>>>>>>>>>>>>>>> className:com.sun.proxy.$Proxy84,method:findAll,args:
2020-03-17 15:22:32.503  INFO 11384 --- [http-nio-8090-exec-7] com.demo.web.aspect.DataSourceAspect     : >>>>>>>>>>>>>>>> findAll 方法开头包含的单词为: find
2020-03-17 15:22:32.503  INFO 11384 --- [http-nio-8090-exec-7] com.demo.web.aspect.DataSourceAspect     : >>>>>>>>>>>>>>>> findAll 方法使用的数据源为: DatabaseType.master(name=read)
2020-03-17 15:22:32.503  INFO 11384 --- [http-nio-8090-exec-7] com.demo.web.config.DynamicDataSource    : =======================DataSource=======================DatabaseType.master(name=read)
2020-03-17 15:22:32.992  INFO 11384 --- [http-nio-8090-exec-8] com.demo.web.aspect.DataSourceAspect     : >>>>>>>>>>>>>>>> className:com.sun.proxy.$Proxy84,method:findAll,args:
2020-03-17 15:22:32.993  INFO 11384 --- [http-nio-8090-exec-8] com.demo.web.aspect.DataSourceAspect     : >>>>>>>>>>>>>>>> findAll 方法开头包含的单词为: find
2020-03-17 15:22:32.993  INFO 11384 --- [http-nio-8090-exec-8] com.demo.web.aspect.DataSourceAspect     : >>>>>>>>>>>>>>>> findAll 方法使用的数据源为: DatabaseType.master(name=read)
2020-03-17 15:22:32.993  INFO 11384 --- [http-nio-8090-exec-8] com.demo.web.config.DynamicDataSource    : =======================DataSource=======================DatabaseType.master(name=read)
2020-03-17 15:22:33.529  INFO 11384 --- [http-nio-8090-exec-9] com.demo.web.aspect.DataSourceAspect     : >>>>>>>>>>>>>>>> className:com.sun.proxy.$Proxy84,method:findAll,args:
2020-03-17 15:22:33.529  INFO 11384 --- [http-nio-8090-exec-9] com.demo.web.aspect.DataSourceAspect     : >>>>>>>>>>>>>>>> findAll 方法开头包含的单词为: find
2020-03-17 15:22:33.529  INFO 11384 --- [http-nio-8090-exec-9] com.demo.web.aspect.DataSourceAspect     : >>>>>>>>>>>>>>>> findAll 方法使用的数据源为: DatabaseType.master(name=read)
2020-03-17 15:22:33.530  INFO 11384 --- [http-nio-8090-exec-9] com.demo.web.config.DynamicDataSource    : =======================DataSource=======================DatabaseType.master(name=read)
2020-03-17 15:22:34.128  INFO 11384 --- [http-nio-8090-exec-10] com.demo.web.aspect.DataSourceAspect     : >>>>>>>>>>>>>>>> className:com.sun.proxy.$Proxy84,method:findAll,args:
2020-03-17 15:22:34.128  INFO 11384 --- [http-nio-8090-exec-10] com.demo.web.aspect.DataSourceAspect     : >>>>>>>>>>>>>>>> findAll 方法开头包含的单词为: find
2020-03-17 15:22:34.128  INFO 11384 --- [http-nio-8090-exec-10] com.demo.web.aspect.DataSourceAspect     : >>>>>>>>>>>>>>>> findAll 方法使用的数据源为: DatabaseType.master(name=read)
2020-03-17 15:22:34.129  INFO 11384 --- [http-nio-8090-exec-10] com.demo.web.config.DynamicDataSource    : =======================DataSource=======================DatabaseType.master(name=read)
2020-03-17 15:25:47.314  INFO 11764 --- [main] com.demo.web.WebApplication              : Starting WebApplication on DESKTOP-AALMDPP with PID 11764 (E:\study\demo\web\target\classes started by lyods in E:\study\demo)
2020-03-17 15:25:47.318  INFO 11764 --- [main] com.demo.web.WebApplication              : The following profiles are active: dev
2020-03-17 15:25:48.744  INFO 11764 --- [main] trationDelegate$BeanPostProcessorChecker : Bean 'org.springframework.transaction.annotation.ProxyTransactionManagementConfiguration' of type [org.springframework.transaction.annotation.ProxyTransactionManagementConfiguration$$EnhancerBySpringCGLIB$$9792cfc1] is not eligible for getting processed by all BeanPostProcessors (for example: not eligible for auto-proxying)
2020-03-17 15:25:49.102  INFO 11764 --- [main] o.s.b.w.embedded.tomcat.TomcatWebServer  : Tomcat initialized with port(s): 8090 (http)
2020-03-17 15:25:49.120  INFO 11764 --- [main] o.apache.catalina.core.StandardService   : Starting service [Tomcat]
2020-03-17 15:25:49.120  INFO 11764 --- [main] org.apache.catalina.core.StandardEngine  : Starting Servlet engine: [Apache Tomcat/9.0.21]
2020-03-17 15:25:49.217  INFO 11764 --- [main] o.a.c.c.C.[Tomcat].[localhost].[/demo]   : Initializing Spring embedded WebApplicationContext
2020-03-17 15:25:49.217  INFO 11764 --- [main] o.s.web.context.ContextLoader            : Root WebApplicationContext: initialization completed in 1794 ms
2020-03-17 15:25:50.025  INFO 11764 --- [main] o.s.s.concurrent.ThreadPoolTaskExecutor  : Initializing ExecutorService 'applicationTaskExecutor'
2020-03-17 15:25:50.245  INFO 11764 --- [main] d.s.w.p.DocumentationPluginsBootstrapper : Context refreshed
2020-03-17 15:25:50.258  INFO 11764 --- [main] d.s.w.p.DocumentationPluginsBootstrapper : Found 1 custom documentation plugin(s)
2020-03-17 15:25:50.270  INFO 11764 --- [main] s.d.s.w.s.ApiListingReferenceScanner     : Scanning for api listing references
2020-03-17 15:25:50.432  INFO 11764 --- [main] o.s.b.w.embedded.tomcat.TomcatWebServer  : Tomcat started on port(s): 8090 (http) with context path '/demo'
2020-03-17 15:25:50.435  INFO 11764 --- [main] com.demo.web.WebApplication              : Started WebApplication in 3.734 seconds (JVM running for 4.472)
2020-03-17 15:25:53.705  INFO 11764 --- [http-nio-8090-exec-1] o.a.c.c.C.[Tomcat].[localhost].[/demo]   : Initializing Spring DispatcherServlet 'dispatcherServlet'
2020-03-17 15:25:53.706  INFO 11764 --- [http-nio-8090-exec-1] o.s.web.servlet.DispatcherServlet        : Initializing Servlet 'dispatcherServlet'
2020-03-17 15:25:53.714  INFO 11764 --- [http-nio-8090-exec-1] o.s.web.servlet.DispatcherServlet        : Completed initialization in 8 ms
2020-03-17 15:25:53.741  INFO 11764 --- [http-nio-8090-exec-1] com.demo.web.aspect.DataSourceAspect     : >>>>>>>>>>>>>>>> className:com.sun.proxy.$Proxy84,method:findAll,args:
2020-03-17 15:25:53.742  INFO 11764 --- [http-nio-8090-exec-1] com.demo.web.aspect.DataSourceAspect     : >>>>>>>>>>>>>>>> findAll 方法开头包含的单词为: find
2020-03-17 15:25:53.742  INFO 11764 --- [http-nio-8090-exec-1] com.demo.web.aspect.DataSourceAspect     : >>>>>>>>>>>>>>>> findAll 方法使用的数据源为: DatabaseType.master(name=read)
2020-03-17 15:25:53.778  INFO 11764 --- [http-nio-8090-exec-1] com.demo.web.config.DynamicDataSource    : =======================DataSource=======================DatabaseType.master(name=read)
2020-03-17 15:25:53.779  INFO 11764 --- [http-nio-8090-exec-1] com.zaxxer.hikari.HikariDataSource       : HikariPool-1 - Starting...
2020-03-17 15:25:53.883  INFO 11764 --- [http-nio-8090-exec-1] com.zaxxer.hikari.HikariDataSource       : HikariPool-1 - Start completed.
2020-03-17 15:26:47.213  INFO 536 --- [main] com.demo.web.WebApplication              : Starting WebApplication on DESKTOP-AALMDPP with PID 536 (E:\study\demo\web\target\classes started by lyods in E:\study\demo)
2020-03-17 15:26:47.216  INFO 536 --- [main] com.demo.web.WebApplication              : The following profiles are active: dev
2020-03-17 15:26:48.709  INFO 536 --- [main] trationDelegate$BeanPostProcessorChecker : Bean 'org.springframework.transaction.annotation.ProxyTransactionManagementConfiguration' of type [org.springframework.transaction.annotation.ProxyTransactionManagementConfiguration$$EnhancerBySpringCGLIB$$16c0afd] is not eligible for getting processed by all BeanPostProcessors (for example: not eligible for auto-proxying)
2020-03-17 15:26:49.122  INFO 536 --- [main] o.s.b.w.embedded.tomcat.TomcatWebServer  : Tomcat initialized with port(s): 8090 (http)
2020-03-17 15:26:49.145  INFO 536 --- [main] o.apache.catalina.core.StandardService   : Starting service [Tomcat]
2020-03-17 15:26:49.145  INFO 536 --- [main] org.apache.catalina.core.StandardEngine  : Starting Servlet engine: [Apache Tomcat/9.0.21]
2020-03-17 15:26:49.256  INFO 536 --- [main] o.a.c.c.C.[Tomcat].[localhost].[/demo]   : Initializing Spring embedded WebApplicationContext
2020-03-17 15:26:49.257  INFO 536 --- [main] o.s.web.context.ContextLoader            : Root WebApplicationContext: initialization completed in 1966 ms
2020-03-17 15:26:50.211  INFO 536 --- [main] o.s.s.concurrent.ThreadPoolTaskExecutor  : Initializing ExecutorService 'applicationTaskExecutor'
2020-03-17 15:26:50.430  INFO 536 --- [main] d.s.w.p.DocumentationPluginsBootstrapper : Context refreshed
2020-03-17 15:26:50.442  INFO 536 --- [main] d.s.w.p.DocumentationPluginsBootstrapper : Found 1 custom documentation plugin(s)
2020-03-17 15:26:50.454  INFO 536 --- [main] s.d.s.w.s.ApiListingReferenceScanner     : Scanning for api listing references
2020-03-17 15:26:50.591  INFO 536 --- [main] o.s.b.w.embedded.tomcat.TomcatWebServer  : Tomcat started on port(s): 8090 (http) with context path '/demo'
2020-03-17 15:26:50.593  INFO 536 --- [main] com.demo.web.WebApplication              : Started WebApplication in 3.965 seconds (JVM running for 4.787)
2020-03-17 15:26:57.831  INFO 536 --- [http-nio-8090-exec-2] o.a.c.c.C.[Tomcat].[localhost].[/demo]   : Initializing Spring DispatcherServlet 'dispatcherServlet'
2020-03-17 15:26:57.832  INFO 536 --- [http-nio-8090-exec-2] o.s.web.servlet.DispatcherServlet        : Initializing Servlet 'dispatcherServlet'
2020-03-17 15:26:57.841  INFO 536 --- [http-nio-8090-exec-2] o.s.web.servlet.DispatcherServlet        : Completed initialization in 9 ms
2020-03-17 15:26:57.872  INFO 536 --- [http-nio-8090-exec-2] com.demo.web.aspect.DataSourceAspect     : >>>>>>>>>>>>>>>> className:com.sun.proxy.$Proxy84,method:findAll,args:
2020-03-17 15:26:57.872  INFO 536 --- [http-nio-8090-exec-2] com.demo.web.aspect.DataSourceAspect     : >>>>>>>>>>>>>>>> findAll 方法开头包含的单词为: find
2020-03-17 15:26:57.873  INFO 536 --- [http-nio-8090-exec-2] com.demo.web.aspect.DataSourceAspect     : >>>>>>>>>>>>>>>> findAll 方法使用的数据源为: DatabaseType.master(name=read)
2020-03-17 15:26:57.913  INFO 536 --- [http-nio-8090-exec-2] com.demo.web.config.DynamicDataSource    : =======================DataSource=======================DatabaseType.master(name=read)
2020-03-17 15:26:57.914  INFO 536 --- [http-nio-8090-exec-2] com.zaxxer.hikari.HikariDataSource       : HikariPool-1 - Starting...
2020-03-17 15:26:58.023  INFO 536 --- [http-nio-8090-exec-2] com.zaxxer.hikari.HikariDataSource       : HikariPool-1 - Start completed.
